2025-01-10 09:01:12 INFO  job=orders_ingest status=SUCCESS rows=1200
2025-01-10 09:02:44 INFO  job=customers_ingest status=SUCCESS rows=300
2025-01-10 09:05:10 WARN  job=orders_ingest status=PARTIAL rows=980
2025-01-10 09:07:55 ERROR job=payments_ingest status=FAILED rows=0
2025-01-10 09:09:03 INFO  job=inventory_ingest status=SUCCESS rows=540
2025-01-10 09:12:21 ERROR job=orders_ingest status=FAILED rows=0
2025-01-10 09:15:45 INFO  job=payments_ingest status=SUCCESS rows=210
2025-01-10 09:18:09 WARN  job=customers_ingest status=PARTIAL rows=250
2025-01-10 09:20:30 INFO  job=orders_ingest status=SUCCESS rows=1300
2025-01-10 09:22:11 ERROR job=inventory_ingest status=FAILED rows=0
2025-01-10 09:24:00 INFO  job=orders_ingest status=SUCCESS rows=1200
2025-01-10 09:25:07 INFO  job=customers_ingest status=SUCCESS rows=301
2025-01-10 09:26:14 WARN  job=payments_ingest status=PARTIAL rows=174
2025-01-10 09:27:21 ERROR job=inventory_ingest status=FAILED rows=0
2025-01-10 09:28:28 INFO  job=orders_ingest status=SUCCESS rows=1204
2025-01-10 09:29:35 WARN  job=customers_ingest status=PARTIAL rows=235
2025-01-10 09:30:42 INFO  job=payments_ingest status=SUCCESS rows=226
2025-01-10 09:31:49 INFO  job=inventory_ingest status=SUCCESS rows=547
2025-01-10 09:32:56 WARN  job=orders_ingest status=PARTIAL rows=952
2025-01-10 09:33:03 ERROR job=customers_ingest status=FAILED rows=0
2025-01-10 09:34:10 INFO  job=payments_ingest status=SUCCESS rows=230
2025-01-10 09:35:17 WARN  job=inventory_ingest status=PARTIAL rows=421
2025-01-10 09:36:24 INFO  job=orders_ingest status=SUCCESS rows=1212
2025-01-10 09:37:31 INFO  job=customers_ingest status=SUCCESS rows=313
2025-01-10 09:38:38 WARN  job=payments_ingest status=PARTIAL rows=162
2025-01-10 09:39:45 ERROR job=inventory_ingest status=FAILED rows=0
2025-01-10 09:40:52 INFO  job=orders_ingest status=SUCCESS rows=1216
2025-01-10 09:41:59 WARN  job=customers_ingest status=PARTIAL rows=223
2025-01-10 09:42:06 INFO  job=payments_ingest status=SUCCESS rows=238
2025-01-10 09:43:13 INFO  job=inventory_ingest status=SUCCESS rows=559
2025-01-10 09:44:20 WARN  job=orders_ingest status=PARTIAL rows=940
2025-01-10 09:45:27 ERROR job=customers_ingest status=FAILED rows=0
2025-01-10 09:46:34 INFO  job=payments_ingest status=SUCCESS rows=242
2025-01-10 09:47:41 WARN  job=inventory_ingest status=PARTIAL rows=409
2025-01-10 09:48:48 INFO  job=orders_ingest status=SUCCESS rows=1224
2025-01-10 09:49:55 INFO  job=customers_ingest status=SUCCESS rows=325
2025-01-10 09:50:02 WARN  job=payments_ingest status=PARTIAL rows=150
2025-01-10 09:51:09 ERROR job=inventory_ingest status=FAILED rows=0
2025-01-10 09:52:16 INFO  job=orders_ingest status=SUCCESS rows=1228
2025-01-10 09:53:23 WARN  job=customers_ingest status=PARTIAL rows=211
2025-01-10 09:54:30 INFO  job=payments_ingest status=SUCCESS rows=250
2025-01-10 09:55:37 INFO  job=inventory_ingest status=SUCCESS rows=571
2025-01-10 09:56:44 WARN  job=orders_ingest status=PARTIAL rows=958
2025-01-10 09:57:51 ERROR job=customers_ingest status=FAILED rows=0
2025-01-10 09:58:58 INFO  job=payments_ingest status=SUCCESS rows=254
2025-01-10 09:59:05 WARN  job=inventory_ingest status=PARTIAL rows=427
2025-01-10 10:00:12 INFO  job=orders_ingest status=SUCCESS rows=1236
2025-01-10 10:01:19 INFO  job=customers_ingest status=SUCCESS rows=337
2025-01-10 10:02:26 WARN  job=payments_ingest status=PARTIAL rows=168
2025-01-10 10:03:33 ERROR job=inventory_ingest status=FAILED rows=0
2025-01-10 10:04:40 INFO  job=orders_ingest status=SUCCESS rows=1240
2025-01-10 10:05:47 WARN  job=customers_ingest status=PARTIAL rows=229
2025-01-10 10:06:54 INFO  job=payments_ingest status=SUCCESS rows=262
2025-01-10 10:07:01 INFO  job=inventory_ingest status=SUCCESS rows=583
2025-01-10 10:08:08 WARN  job=orders_ingest status=PARTIAL rows=946
2025-01-10 10:09:15 ERROR job=customers_ingest status=FAILED rows=0
2025-01-10 10:10:22 INFO  job=payments_ingest status=SUCCESS rows=266
2025-01-10 10:11:29 WARN  job=inventory_ingest status=PARTIAL rows=415
2025-01-10 10:12:36 INFO  job=orders_ingest status=SUCCESS rows=1248
2025-01-10 10:13:43 INFO  job=customers_ingest status=SUCCESS rows=349
2025-01-10 10:14:50 WARN  job=payments_ingest status=PARTIAL rows=156
2025-01-10 10:15:57 ERROR job=inventory_ingest status=FAILED rows=0
2025-01-10 10:16:04 INFO  job=orders_ingest status=SUCCESS rows=1252
2025-01-10 10:17:11 WARN  job=customers_ingest status=PARTIAL rows=217
2025-01-10 10:18:18 INFO  job=payments_ingest status=SUCCESS rows=274
2025-01-10 10:19:25 INFO  job=inventory_ingest status=SUCCESS rows=595
2025-01-10 10:20:32 WARN  job=orders_ingest status=PARTIAL rows=934
2025-01-10 10:21:39 ERROR job=customers_ingest status=FAILED rows=0
2025-01-10 10:22:46 INFO  job=payments_ingest status=SUCCESS rows=278
2025-01-10 10:23:53 WARN  job=inventory_ingest status=PARTIAL rows=403
2025-01-10 10:24:00 INFO  job=orders_ingest status=SUCCESS rows=1260
2025-01-10 10:25:07 INFO  job=customers_ingest status=SUCCESS rows=361
2025-01-10 10:26:14 WARN  job=payments_ingest status=PARTIAL rows=174
2025-01-10 10:27:21 ERROR job=inventory_ingest status=FAILED rows=0
2025-01-10 10:28:28 INFO  job=orders_ingest status=SUCCESS rows=1264
2025-01-10 10:29:35 WARN  job=customers_ingest status=PARTIAL rows=235
2025-01-10 10:30:42 INFO  job=payments_ingest status=SUCCESS rows=286
2025-01-10 10:31:49 INFO  job=inventory_ingest status=SUCCESS rows=607
2025-01-10 10:32:56 WARN  job=orders_ingest status=PARTIAL rows=952
2025-01-10 10:33:03 ERROR job=customers_ingest status=FAILED rows=0
2025-01-10 10:34:10 INFO  job=payments_ingest status=SUCCESS rows=290
2025-01-10 10:35:17 WARN  job=inventory_ingest status=PARTIAL rows=421
2025-01-10 10:36:24 INFO  job=orders_ingest status=SUCCESS rows=1272
2025-01-10 10:37:31 INFO  job=customers_ingest status=SUCCESS rows=373
2025-01-10 10:38:38 WARN  job=payments_ingest status=PARTIAL rows=162
2025-01-10 10:39:45 ERROR job=inventory_ingest status=FAILED rows=0
2025-01-10 10:40:52 INFO  job=orders_ingest status=SUCCESS rows=1276
2025-01-10 10:41:59 WARN  job=customers_ingest status=PARTIAL rows=223
2025-01-10 10:42:06 INFO  job=payments_ingest status=SUCCESS rows=298
2025-01-10 10:43:13 INFO  job=inventory_ingest status=SUCCESS rows=619
2025-01-10 10:44:20 WARN  job=orders_ingest status=PARTIAL rows=940
2025-01-10 10:45:27 ERROR job=customers_ingest status=FAILED rows=0
2025-01-10 10:46:34 INFO  job=payments_ingest status=SUCCESS rows=302
2025-01-10 10:47:41 WARN  job=inventory_ingest status=PARTIAL rows=409
2025-01-10 10:48:48 INFO  job=orders_ingest status=SUCCESS rows=1284
2025-01-10 10:49:55 INFO  job=customers_ingest status=SUCCESS rows=385
2025-01-10 10:50:02 WARN  job=payments_ingest status=PARTIAL rows=150
2025-01-10 10:51:09 ERROR job=inventory_ingest status=FAILED rows=0
2025-01-10 10:52:16 INFO  job=orders_ingest status=SUCCESS rows=1288
2025-01-10 10:53:23 WARN  job=customers_ingest status=PARTIAL rows=211
2025-01-10 10:54:30 INFO  job=payments_ingest status=SUCCESS rows=310
2025-01-10 10:55:37 INFO  job=inventory_ingest status=SUCCESS rows=631
2025-01-10 10:56:44 WARN  job=orders_ingest status=PARTIAL rows=958
2025-01-10 10:57:51 ERROR job=customers_ingest status=FAILED rows=0
2025-01-10 10:58:58 INFO  job=payments_ingest status=SUCCESS rows=314
2025-01-10 10:59:05 WARN  job=inventory_ingest status=PARTIAL rows=427
2025-01-10 11:00:12 INFO  job=orders_ingest status=SUCCESS rows=1296
2025-01-10 11:01:19 INFO  job=customers_ingest status=SUCCESS rows=397
2025-01-10 11:02:26 WARN  job=payments_ingest status=PARTIAL rows=168
2025-01-10 11:03:33 ERROR job=inventory_ingest status=FAILED rows=0
